Using pre-set license
Built from '2020.3/staging' branch; Version is '2020.3.32f1 (12f8b0834f07) revision 1243312'; Using compiler version '192528614'; Build Type 'Release'
OS: 'Windows 10  (10.0.19045) 64bit Core' Language: 'de' Physical Memory: 32671 MB
BatchMode: 1, IsHumanControllingUs: 0, StartBugReporterOnCrash: 0, Is64bit: 1, IsPro: 0

COMMAND LINE ARGUMENTS:
C:\Program Files\Unity\Hub\Editor\2020.3.32f1\Editor\Unity.exe
-adb2
-batchMode
-noUpm
-name
AssetImportWorker0
-projectPath
C:/Users/jj99/Gameproject Semester 7
-logFile
Logs/AssetImportWorker0.log
-srvPort
50463
Successfully changed project path to: C:/Users/jj99/Gameproject Semester 7
C:/Users/jj99/Gameproject Semester 7
Using Asset Import Pipeline V2.
Refreshing native plugins compatible for Editor in 24.30 ms, found 2 plugins.
Preloading 0 native plugins for Editor in 0.00 ms.
Initialize engine version: 2020.3.32f1 (12f8b0834f07)
[Subsystems] Discovering subsystems at path C:/Program Files/Unity/Hub/Editor/2020.3.32f1/Editor/Data/Resources/UnitySubsystems
[Subsystems] Discovering subsystems at path C:/Users/jj99/Gameproject Semester 7/Assets
GfxDevice: creating device client; threaded=0
Direct3D:
    Version:  Direct3D 11.0 [level 11.1]
    Renderer: NVIDIA GeForce RTX 3070 (ID=0x2488)
    Vendor:   
    VRAM:     8018 MB
    Driver:   32.0.15.6636
Initialize mono
Mono path[0] = 'C:/Program Files/Unity/Hub/Editor/2020.3.32f1/Editor/Data/Managed'
Mono path[1] = 'C:/Program Files/Unity/Hub/Editor/2020.3.32f1/Editor/Data/MonoBleedingEdge/lib/mono/unityjit'
Mono config path = 'C:/Program Files/Unity/Hub/Editor/2020.3.32f1/Editor/Data/MonoBleedingEdge/etc'
Using monoOptions --debugger-agent=transport=dt_socket,embedding=1,server=y,suspend=n,address=127.0.0.1:56356
Begin MonoManager ReloadAssembly
Registering precompiled unity dll's ...
Register platform support module: C:/Program Files/Unity/Hub/Editor/2020.3.32f1/Editor/Data/PlaybackEngines/WebGLSupport/UnityEditor.WebGL.Extensions.dll
Register platform support module: C:/Program Files/Unity/Hub/Editor/2020.3.32f1/Editor/Data/PlaybackEngines/WindowsStandaloneSupport/UnityEditor.WindowsStandalone.Extensions.dll
Registered in 0.017991 seconds.
Native extension for WindowsStandalone target not found
Native extension for WebGL target not found
Refreshing native plugins compatible for Editor in 21.61 ms, found 2 plugins.
Preloading 0 native plugins for Editor in 0.00 ms.
Mono: successfully reloaded assembly
- Completed reload, in  0.405 seconds
Domain Reload Profiling:
	ReloadAssembly (406ms)
		BeginReloadAssembly (51ms)
			ExecutionOrderSort (0ms)
			DisableScriptedObjects (0ms)
			BackupInstance (0ms)
			ReleaseScriptingObjects (0ms)
			CreateAndSetChildDomain (1ms)
		EndReloadAssembly (286ms)
			LoadAssemblies (49ms)
			RebuildTransferFunctionScriptingTraits (0ms)
			SetupTypeCache (91ms)
			ReleaseScriptCaches (0ms)
			RebuildScriptCaches (18ms)
			SetupLoadedEditorAssemblies (107ms)
				LogAssemblyErrors (0ms)
				InitializePlatformSupportModulesInManaged (4ms)
				SetLoadedEditorAssemblies (0ms)
				RefreshPlugins (22ms)
				BeforeProcessingInitializeOnLoad (6ms)
				ProcessInitializeOnLoadAttributes (57ms)
				ProcessInitializeOnLoadMethodAttributes (18ms)
				AfterProcessingInitializeOnLoad (0ms)
				EditorAssembliesLoaded (0ms)
			ExecutionOrderSort2 (0ms)
			AwakeInstancesAfterBackupRestoration (0ms)
Platform modules already initialized, skipping
Registering precompiled user dll's ...
Registered in 0.003029 seconds.
Begin MonoManager ReloadAssembly
Native extension for WindowsStandalone target not found
Native extension for WebGL target not found
Refreshing native plugins compatible for Editor in 0.29 ms, found 2 plugins.
Preloading 0 native plugins for Editor in 0.00 ms.
Mono: successfully reloaded assembly
- Completed reload, in  0.653 seconds
Domain Reload Profiling:
	ReloadAssembly (654ms)
		BeginReloadAssembly (103ms)
			ExecutionOrderSort (0ms)
			DisableScriptedObjects (3ms)
			BackupInstance (0ms)
			ReleaseScriptingObjects (0ms)
			CreateAndSetChildDomain (15ms)
		EndReloadAssembly (506ms)
			LoadAssemblies (68ms)
			RebuildTransferFunctionScriptingTraits (0ms)
			SetupTypeCache (166ms)
			ReleaseScriptCaches (0ms)
			RebuildScriptCaches (25ms)
			SetupLoadedEditorAssemblies (201ms)
				LogAssemblyErrors (0ms)
				InitializePlatformSupportModulesInManaged (4ms)
				SetLoadedEditorAssemblies (0ms)
				RefreshPlugins (0ms)
				BeforeProcessingInitializeOnLoad (40ms)
				ProcessInitializeOnLoadAttributes (143ms)
				ProcessInitializeOnLoadMethodAttributes (6ms)
				AfterProcessingInitializeOnLoad (7ms)
				EditorAssembliesLoaded (0ms)
			ExecutionOrderSort2 (0ms)
			AwakeInstancesAfterBackupRestoration (4ms)
Platform modules already initialized, skipping
========================================================================
Worker process is ready to serve import requests
Launched and connected shader compiler UnityShaderCompiler.exe after 0.04 seconds
Refreshing native plugins compatible for Editor in 0.29 ms, found 2 plugins.
Preloading 0 native plugins for Editor in 0.00 ms.
Unloading 1506 Unused Serialized files (Serialized files now loaded: 0)
System memory in use before: 83.7 MB.
System memory in use after: 83.8 MB.

Unloading 16 unused Assets to reduce memory usage. Loaded Objects now: 1967.
Total: 3.546800 ms (FindLiveObjects: 0.232200 ms CreateObjectMapping: 0.043800 ms MarkObjects: 3.172400 ms  DeleteObjects: 0.097200 ms)

AssetImportParameters requested are different than current active one (requested -> active):
  custom:framework-win-MediaFoundation: 216162199b28c13a410421893ffa2e32 -> 
  custom:video-decoder-ogg-theora: a1e56fd34408186e4bbccfd4996cb3dc -> 
  custom:container-muxer-webm: aa71ff27fc2769a1b78a27578f13a17b -> 
  custom:container-demuxer-webm: 4f35f7cbe854078d1ac9338744f61a02 -> 
  custom:container-demuxer-ogg: 62fdf1f143b41e24485cea50d1cbac27 -> 
  custom:video-encoder-webm-vp8: eb34c28f22e8b96e1ab97ce403110664 -> 
  custom:video-decoder-webm-vp8: 9c59270c3fd7afecdb556c50c9e8de78 -> 
  custom:audio-decoder-ogg-vorbis: bf7c407c2cedff20999df2af8eb42d56 -> 
  custom:audio-encoder-webm-vorbis: bf7c407c2cedff20999df2af8eb42d56 -> 
========================================================================
Received Import Request.
  path: Assets/New Terrain.asset
  artifactKey: Guid(c638b7864207e464fa303e37f3739396) Importer(815301076,1909f56bfc062723c751e8b465ee728b)
Start importing Assets/New Terrain.asset using Guid(c638b7864207e464fa303e37f3739396) Importer(815301076,1909f56bfc062723c751e8b465ee728b)  -> (artifact id: '5839fc9a336b0d65e75228a241810d09') in 0.072975 seconds 
========================================================================
Received Import Request.
  Time since last request: 0.000121 seconds.
  path: Assets/Tree.prefab
  artifactKey: Guid(79c03d624013bf14d97fe2ca53f1cd7f) Importer(815301076,1909f56bfc062723c751e8b465ee728b)
Start importing Assets/Tree.prefab using Guid(79c03d624013bf14d97fe2ca53f1cd7f) Importer(815301076,1909f56bfc062723c751e8b465ee728b)  -> (artifact id: '5f4aa2c3bd75354ee96bb3251faa64cd') in 0.084201 seconds 
========================================================================
Received Import Request.
  Time since last request: 0.000116 seconds.
  path: Assets/New Terrain 1.asset
  artifactKey: Guid(c93e366d55c53494cb03f2ca22848745) Importer(815301076,1909f56bfc062723c751e8b465ee728b)
Start importing Assets/New Terrain 1.asset using Guid(c93e366d55c53494cb03f2ca22848745) Importer(815301076,1909f56bfc062723c751e8b465ee728b)  -> (artifact id: 'e601faf51523af650588498482fa8a0e') in 0.011548 seconds 
========================================================================
Received Import Request.
  Time since last request: 15.278605 seconds.
  path: Assets/Concrete textures pack/pattern 03
  artifactKey: Guid(3712292a1e0244d478a30fae91705a99) Importer(815301076,1909f56bfc062723c751e8b465ee728b)
Start importing Assets/Concrete textures pack/pattern 03 using Guid(3712292a1e0244d478a30fae91705a99) Importer(815301076,1909f56bfc062723c751e8b465ee728b)  -> (artifact id: 'e36d12a962db5cf5031f76f916bc38d5') in 0.008901 seconds 
========================================================================
Received Import Request.
  Time since last request: 31.952216 seconds.
  path: Assets/Concrete textures pack/pattern 08/NewLayer 1.terrainlayer
  artifactKey: Guid(956d3891e35431c4d944999932846aa4) Importer(815301076,1909f56bfc062723c751e8b465ee728b)
Start importing Assets/Concrete textures pack/pattern 08/NewLayer 1.terrainlayer using Guid(956d3891e35431c4d944999932846aa4) Importer(815301076,1909f56bfc062723c751e8b465ee728b)  -> (artifact id: '9f25179594b65e9f5a581e2a688299ea') in 0.031620 seconds 
========================================================================
Received Import Request.
  Time since last request: 0.000103 seconds.
  path: Assets/Concrete textures pack/pattern 08/NewLayer.terrainlayer
  artifactKey: Guid(8714bbfb932cf364eba3af7c4d1149f8) Importer(815301076,1909f56bfc062723c751e8b465ee728b)
Start importing Assets/Concrete textures pack/pattern 08/NewLayer.terrainlayer using Guid(8714bbfb932cf364eba3af7c4d1149f8) Importer(815301076,1909f56bfc062723c751e8b465ee728b)  -> (artifact id: '94830f36a6f4dcc42ba3a409c50fc81f') in 0.019622 seconds 
========================================================================
Received Import Request.
  Time since last request: 5.023110 seconds.
  path: Assets/Concrete textures pack/pattern 09/Concrete pattern 09.mat
  artifactKey: Guid(90caba3031f3bb6489b26535a49cd81d) Importer(815301076,1909f56bfc062723c751e8b465ee728b)
Start importing Assets/Concrete textures pack/pattern 09/Concrete pattern 09.mat using Guid(90caba3031f3bb6489b26535a49cd81d) Importer(815301076,1909f56bfc062723c751e8b465ee728b)  -> (artifact id: 'a4dc1c09ad271c544cc401370127fd75') in 0.037400 seconds 
========================================================================
Received Import Request.
  Time since last request: 0.000113 seconds.
  path: Assets/Concrete textures pack/pattern 09/preview.jpg
  artifactKey: Guid(48eac1a26c880a64283c0ad77895d4b0) Importer(815301076,1909f56bfc062723c751e8b465ee728b)
Start importing Assets/Concrete textures pack/pattern 09/preview.jpg using Guid(48eac1a26c880a64283c0ad77895d4b0) Importer(815301076,1909f56bfc062723c751e8b465ee728b)  -> (artifact id: '01d467407295eca8da0ff735d93f2f1a') in 0.050288 seconds 
========================================================================
Received Import Request.
  Time since last request: 2.699248 seconds.
  path: Assets/Concrete textures pack/pattern 10/Concrete pattern 10.mat
  artifactKey: Guid(3ff803e95ede8de42a2adbcd1dd530d6) Importer(815301076,1909f56bfc062723c751e8b465ee728b)
Start importing Assets/Concrete textures pack/pattern 10/Concrete pattern 10.mat using Guid(3ff803e95ede8de42a2adbcd1dd530d6) Importer(815301076,1909f56bfc062723c751e8b465ee728b)  -> (artifact id: '6b6e1e06141ee7589fa802ecb8414edb') in 0.031567 seconds 
========================================================================
Received Import Request.
  Time since last request: 0.000108 seconds.
  path: Assets/Concrete textures pack/pattern 10/preview.jpg
  artifactKey: Guid(3cca3be7de00d904ba412eb14b6c1990) Importer(815301076,1909f56bfc062723c751e8b465ee728b)
Start importing Assets/Concrete textures pack/pattern 10/preview.jpg using Guid(3cca3be7de00d904ba412eb14b6c1990) Importer(815301076,1909f56bfc062723c751e8b465ee728b)  -> (artifact id: '5e1090d7067ec9bc961763a795e1ebe2') in 0.018867 seconds 
========================================================================
Received Import Request.
  Time since last request: 2.788483 seconds.
  path: Assets/Concrete textures pack/pattern 11/Concrete pattern 11.mat
  artifactKey: Guid(39d9ac5066e1af74cadba0ad038e742b) Importer(815301076,1909f56bfc062723c751e8b465ee728b)
Start importing Assets/Concrete textures pack/pattern 11/Concrete pattern 11.mat using Guid(39d9ac5066e1af74cadba0ad038e742b) Importer(815301076,1909f56bfc062723c751e8b465ee728b)  -> (artifact id: 'f6fa7a517e61f62e83e306513935020f') in 0.031667 seconds 
========================================================================
Received Import Request.
  Time since last request: 0.000132 seconds.
  path: Assets/Concrete textures pack/pattern 11/preview.jpg
  artifactKey: Guid(141a53777240c2644b20b45c14cdb504) Importer(815301076,1909f56bfc062723c751e8b465ee728b)
Start importing Assets/Concrete textures pack/pattern 11/preview.jpg using Guid(141a53777240c2644b20b45c14cdb504) Importer(815301076,1909f56bfc062723c751e8b465ee728b)  -> (artifact id: 'b2ba198912cd27f701ec9f045ce9baf9') in 0.020063 seconds 
========================================================================
Received Import Request.
  Time since last request: 2.543093 seconds.
  path: Assets/Concrete textures pack/pattern 12/Concrete pattern 12.mat
  artifactKey: Guid(90958dd685f590642806ebb68b473bc3) Importer(815301076,1909f56bfc062723c751e8b465ee728b)
Start importing Assets/Concrete textures pack/pattern 12/Concrete pattern 12.mat using Guid(90958dd685f590642806ebb68b473bc3) Importer(815301076,1909f56bfc062723c751e8b465ee728b)  -> (artifact id: 'f7b1c71927a288d7b0cabedeca1ebea5') in 0.035540 seconds 
========================================================================
Received Import Request.
  Time since last request: 0.000112 seconds.
  path: Assets/Concrete textures pack/pattern 12/preview.jpg
  artifactKey: Guid(cdba7a4efd4471c4ca63992b88371151) Importer(815301076,1909f56bfc062723c751e8b465ee728b)
Start importing Assets/Concrete textures pack/pattern 12/preview.jpg using Guid(cdba7a4efd4471c4ca63992b88371151) Importer(815301076,1909f56bfc062723c751e8b465ee728b)  -> (artifact id: 'c8619a0b0358745b64c6b83bcd63df22') in 0.020273 seconds 
========================================================================
Received Import Request.
  Time since last request: 2.404908 seconds.
  path: Assets/Concrete textures pack/pattern 13/Concrete pattern 13.mat
  artifactKey: Guid(0fc0bf58c56418e44b94d145ca6f5db1) Importer(815301076,1909f56bfc062723c751e8b465ee728b)
Start importing Assets/Concrete textures pack/pattern 13/Concrete pattern 13.mat using Guid(0fc0bf58c56418e44b94d145ca6f5db1) Importer(815301076,1909f56bfc062723c751e8b465ee728b)  -> (artifact id: '65f78758089bba338aff6c04e97de46a') in 0.031168 seconds 
========================================================================
Received Import Request.
  Time since last request: 0.000113 seconds.
  path: Assets/Concrete textures pack/pattern 13/preview.jpg
  artifactKey: Guid(f0e62d03632cea245ae3eb63ebaccaf9) Importer(815301076,1909f56bfc062723c751e8b465ee728b)
Start importing Assets/Concrete textures pack/pattern 13/preview.jpg using Guid(f0e62d03632cea245ae3eb63ebaccaf9) Importer(815301076,1909f56bfc062723c751e8b465ee728b)  -> (artifact id: '9cc9cdc935d2b5fee0d64a4d23843425') in 0.020614 seconds 
========================================================================
Received Import Request.
  Time since last request: 2.717523 seconds.
  path: Assets/Concrete textures pack/pattern 14/Concrete pattern 14.mat
  artifactKey: Guid(acbeb59509e47e942937ab47a0abc310) Importer(815301076,1909f56bfc062723c751e8b465ee728b)
Start importing Assets/Concrete textures pack/pattern 14/Concrete pattern 14.mat using Guid(acbeb59509e47e942937ab47a0abc310) Importer(815301076,1909f56bfc062723c751e8b465ee728b)  -> (artifact id: '8ec011bd44f2b0bb8c2fc8ef7cf2018f') in 0.032652 seconds 
========================================================================
Received Import Request.
  Time since last request: 0.000097 seconds.
  path: Assets/Concrete textures pack/pattern 14/preview.jpg
  artifactKey: Guid(80f0333e3899f3d4d8077df45bb0e76e) Importer(815301076,1909f56bfc062723c751e8b465ee728b)
Start importing Assets/Concrete textures pack/pattern 14/preview.jpg using Guid(80f0333e3899f3d4d8077df45bb0e76e) Importer(815301076,1909f56bfc062723c751e8b465ee728b)  -> (artifact id: '8c7a056b8643a0c184dbd20d86ae0c5e') in 0.018209 seconds 
========================================================================
Received Import Request.
  Time since last request: 2.480155 seconds.
  path: Assets/Concrete textures pack/pattern 15/Concrete pattern 15.mat
  artifactKey: Guid(6c096acbd65465b438d9b0a3d141cff1) Importer(815301076,1909f56bfc062723c751e8b465ee728b)
Start importing Assets/Concrete textures pack/pattern 15/Concrete pattern 15.mat using Guid(6c096acbd65465b438d9b0a3d141cff1) Importer(815301076,1909f56bfc062723c751e8b465ee728b)  -> (artifact id: '0c06cb66c537923f1fc362b820bf1f1d') in 0.030629 seconds 
========================================================================
Received Import Request.
  Time since last request: 0.000101 seconds.
  path: Assets/Concrete textures pack/pattern 15/preview.jpg
  artifactKey: Guid(1892b5ecef2d16044979248b98bd5233) Importer(815301076,1909f56bfc062723c751e8b465ee728b)
Start importing Assets/Concrete textures pack/pattern 15/preview.jpg using Guid(1892b5ecef2d16044979248b98bd5233) Importer(815301076,1909f56bfc062723c751e8b465ee728b)  -> (artifact id: '2790f86236cf3e709734bff9c702fd72') in 0.017910 seconds 
========================================================================
Received Import Request.
  Time since last request: 2.291144 seconds.
  path: Assets/Concrete textures pack/pattern 16/Concrete pattern 16.mat
  artifactKey: Guid(edb56784830ff6e48bc903e1da5bc5ff) Importer(815301076,1909f56bfc062723c751e8b465ee728b)
Start importing Assets/Concrete textures pack/pattern 16/Concrete pattern 16.mat using Guid(edb56784830ff6e48bc903e1da5bc5ff) Importer(815301076,1909f56bfc062723c751e8b465ee728b)  -> (artifact id: '0f5fead466b077bb3df78885381ff458') in 0.030226 seconds 
========================================================================
Received Import Request.
  Time since last request: 0.000106 seconds.
  path: Assets/Concrete textures pack/pattern 16/preview.jpg
  artifactKey: Guid(e7a8e5655be92094eb1308612a817814) Importer(815301076,1909f56bfc062723c751e8b465ee728b)
Start importing Assets/Concrete textures pack/pattern 16/preview.jpg using Guid(e7a8e5655be92094eb1308612a817814) Importer(815301076,1909f56bfc062723c751e8b465ee728b)  -> (artifact id: 'b6a5a4544ee38647af5e26470be584a5') in 0.019054 seconds 
========================================================================
Received Import Request.
  Time since last request: 2.632591 seconds.
  path: Assets/Concrete textures pack/pattern 17/Concrete pattern 17.mat
  artifactKey: Guid(573165ec89c0f4a488f962940dc8d6d9) Importer(815301076,1909f56bfc062723c751e8b465ee728b)
Start importing Assets/Concrete textures pack/pattern 17/Concrete pattern 17.mat using Guid(573165ec89c0f4a488f962940dc8d6d9) Importer(815301076,1909f56bfc062723c751e8b465ee728b)  -> (artifact id: '421bc148d3cd2da09d00806580cab6a6') in 0.028738 seconds 
========================================================================
Received Import Request.
  Time since last request: 0.000111 seconds.
  path: Assets/Concrete textures pack/pattern 17/preview.jpg
  artifactKey: Guid(aa7b5d03c68f6bd42a4fe089a643ee0a) Importer(815301076,1909f56bfc062723c751e8b465ee728b)
Start importing Assets/Concrete textures pack/pattern 17/preview.jpg using Guid(aa7b5d03c68f6bd42a4fe089a643ee0a) Importer(815301076,1909f56bfc062723c751e8b465ee728b)  -> (artifact id: '56ffe61e83a429cb66f10e02c1a39161') in 0.019789 seconds 
AssetImportWorkerClient::OnTransportError - code=2 error=End of file
